Arguments: 
  /Users/lquan/.nvm/versions/node/v14.16.0/bin/node /Users/lquan/.nvm/versions/node/v14.16.0/bin/yarn

PATH: 
  /Users/lquan/.nvm/versions/node/v14.16.0/bin:/usr/local/bin:/usr/bin:/bin:/usr/sbin:/sbin:/Library/Apple/usr/bin:/opt/homebrew/bin/

Yarn version: 
  1.22.18

Node version: 
  14.16.0

Platform: 
  darwin x64

Trace: 
  Error: https://repository.devops.leapxpert.dev/repository/npm-public/@typescript-eslint%2feslint-plugin: ESOCKETTIMEDOUT
      at ClientRequest.<anonymous> (/Users/lquan/.nvm/versions/node/v14.16.0/lib/node_modules/yarn/lib/cli.js:141510:19)
      at Object.onceWrapper (events.js:421:28)
      at ClientRequest.emit (events.js:315:20)
      at TLSSocket.emitRequestTimeout (_http_client.js:784:9)
      at Object.onceWrapper (events.js:421:28)
      at TLSSocket.emit (events.js:327:22)
      at TLSSocket.Socket._onTimeout (net.js:483:8)
      at listOnTimeout (internal/timers.js:554:17)
      at processTimers (internal/timers.js:497:7)

npm manifest: 
  {
    "name": "loto",
    "private": true,
    "version": "0.1.0",
    "type": "module",
    "scripts": {
      "dev": "vite",
      "build": "tsc && vite build",
      "preview": "vite preview",
      "lint": "eslint . --ext .ts,.tsx"
    },
    "dependencies": {
      "classnames": "^2.3.2",
      "modern-normalize": "^1.1.0",
      "react": "^18.2.0",
      "react-dom": "^18.2.0",
      "sass": "^1.57.0"
    },
    "devDependencies": {
      "@types/react": "^18.0.26",
      "@types/react-dom": "^18.0.9",
      "@typescript-eslint/eslint-plugin": "^5.46.1",
      "@typescript-eslint/parser": "^5.46.1",
      "@vitejs/plugin-react": "^3.0.0",
      "eslint": "^8.30.0",
      "eslint-config-prettier": "^8.5.0",
      "eslint-plugin-import": "^2.26.0",
      "eslint-plugin-jsx-a11y": "^6.6.1",
      "eslint-plugin-react": "^7.31.11",
      "prettier": "^2.8.1",
      "typescript": "^4.9.3",
      "vite": "^4.0.0",
      "vite-plugin-svgr": "^2.4.0"
    }
  }

yarn manifest: 
  No manifest

Lockfile: 
  No lockfile
